<?xml version="1.0" encoding="UTF-8"?>
<!-- Generated by org.testng.reporters.JUnitXMLReporter -->
<testsuite hostname="LAPTOP-69PVCUGI" name="SignUpPage" tests="1" failures="0" timestamp="21 May 2019 01:53:27 GMT" time="0.008" errors="0">
  <testcase name="@BeforeMethod URL" time="0.0" classname="SignUpPage.GUI">
    <failure type="org.testng.TestNGException" message="
Parameter &amp;apos;browser&amp;apos; is required by @Configuration on method URL but has not been marked @Optional or defined
in C:\My programs\Java projects\ShoCase\testng.xml">
      <![CDATA[org.testng.TestNGException: 
Parameter 'browser' is required by @Configuration on method URL but has not been marked @Optional or defined
in C:\My programs\Java projects\ShoCase\testng.xml
... Removed 23 stack frames]]>
    </failure>
  </testcase> <!-- @BeforeMethod URL -->
  <testcase name="start" time="0.001" classname="SignUpPage.GUI">
    <skipped/>
  </testcase> <!-- start -->
</testsuite> <!-- SignUpPage -->
